2026-04-08 18:06:13  Network available after 0s. Starting sync.
2026-04-08 18:06:15  fetch: From https://github.com/fortuneolose/EE499-FYP    73159e0..c2ae615  main       -> origin/main
2026-04-08 18:06:15  pull:  From https://github.com/fortuneolose/EE499-FYP  * branch            main       -> FETCH_HEAD Updating 73159e0..c2ae615 Fast-forward  .../LTC1871_Based_Boost_Controller/.history        |   2 +-  .../LTC1871_Based_Boost_Controller/.history        |   2 +-  ...71_Based_Boost_Controller-2026-04-08_164711.zip | Bin 0 -> 68937 bytes  ...71_Based_Boost_Controller-2026-04-08_164723.zip | Bin 0 -> 68929 bytes  .../LTC1871_Based_Boost_Controller.kicad_pcb       | 141 +++++++-------  .../LTC1871_Based_Boost_Controller.kicad_prl       |   2 +-  .../LTC1871_Based_Boost_Controller.kicad_pro       |  13 +-  .../LTC1871_Based_Boost_Controller.trace_pcb       |   0  .../LTC1871_Based_Boost_Controller.trace_sch       |   4 +  .../~LTC1871_Based_Boost_Controller.kicad_pro.lck  |   1 -  .../~LTC1871_Based_Boost_Controller.kicad_sch.lck  |   1 -  ...871_BOM_Caps_Rev5b_WithCin_2_Min_Value_Test.asc | 166 ++++++++++++++++  ...871_BOM_Caps_Rev5b_WithCin_2_Min_Value_Test.log |  37 ++++  LTSpice Boost Converter/LTC1871_Startup_CSS_1.log  | 211 +++++++++++++++++++++  14 files changed, 506 insertions(+), 74 deletions(-)  create mode 100644 KiCAD PCB Design/LTC1871_Boost_FYP_KiCad/LTC1871_Based_Boost_Controller/LTC1871_Based_Boost_Controller-backups/LTC1871_Based_Boost_Controller-2026-04-08_164711.zip  create mode 100644 KiCAD PCB Design/LTC1871_Boost_FYP_KiCad/LTC1871_Based_Boost_Controller/LTC1871_Based_Boost_Controller-backups/LTC1871_Based_Boost_Controller-2026-04-08_164723.zip  create mode 100644 KiCAD PCB Design/LTC1871_Boost_FYP_KiCad/LTC1871_Based_Boost_Controller/LTC1871_Based_Boost_Controller.trace_pcb  create mode 100644 KiCAD PCB Design/LTC1871_Boost_FYP_KiCad/LTC1871_Based_Boost_Controller/LTC1871_Based_Boost_Controller.trace_sch  delete mode 100644 KiCAD PCB Design/LTC1871_Boost_FYP_KiCad/LTC1871_Based_Boost_Controller/~LTC1871_Based_Boost_Controller.kicad_pro.lck  delete mode 100644 KiCAD PCB Design/LTC1871_Boost_FYP_KiCad/LTC1871_Based_Boost_Controller/~LTC1871_Based_Boost_Controller.kicad_sch.lck  create mode 100644 LTSpice Boost Converter/LTC1871_BOM_Caps_Rev5b_WithCin_2_Min_Value_Test.asc  create mode 100644 LTSpice Boost Converter/LTC1871_BOM_Caps_Rev5b_WithCin_2_Min_Value_Test.log  create mode 100644 LTSpice Boost Converter/LTC1871_Startup_CSS_1.log
2026-04-08 18:06:15  Sync complete.
2026-04-08 18:12:42  ===== sync_fyp started (interval: 15m) =====
2026-04-08 18:12:42  Network available after 0s.
2026-04-08 18:12:43  fetch: 
2026-04-08 18:12:44  pull:  From https://github.com/fortuneolose/EE499-FYP  * branch            main       -> FETCH_HEAD Already up to date.
2026-04-08 18:12:44  Sync complete. Next sync in 15m.
2026-04-08 18:27:44  Network available after 0s.
2026-04-08 18:27:45  fetch: 
2026-04-08 18:27:45  pull:  From https://github.com/fortuneolose/EE499-FYP  * branch            main       -> FETCH_HEAD Already up to date.
2026-04-08 18:27:45  Sync complete. Next sync in 15m.
2026-04-08 18:42:45  Network available after 0s.
2026-04-08 18:42:46  fetch: 
2026-04-08 18:42:47  pull:  From https://github.com/fortuneolose/EE499-FYP  * branch            main       -> FETCH_HEAD Already up to date.
2026-04-08 18:42:47  Sync complete. Next sync in 15m.
2026-04-08 18:57:47  Network available after 0s.
2026-04-08 18:57:48  fetch: 
2026-04-08 18:57:48  pull:  From https://github.com/fortuneolose/EE499-FYP  * branch            main       -> FETCH_HEAD Already up to date.
2026-04-08 18:57:48  Sync complete. Next sync in 15m.
2026-04-08 19:12:49  Network available after 0s.
2026-04-08 19:12:49  fetch: 
2026-04-08 19:12:50  pull:  From https://github.com/fortuneolose/EE499-FYP  * branch            main       -> FETCH_HEAD Already up to date.
2026-04-08 19:12:50  Sync complete. Next sync in 15m.
2026-04-08 19:28:16  Network available after 10s.
2026-04-08 19:28:17  fetch: 
2026-04-08 19:28:18  pull:  From https://github.com/fortuneolose/EE499-FYP  * branch            main       -> FETCH_HEAD Already up to date.
2026-04-08 19:28:18  Sync complete. Next sync in 15m.
2026-04-08 19:43:18  Network available after 0s.
2026-04-08 19:43:18  fetch: 
2026-04-08 19:43:19  pull:  From https://github.com/fortuneolose/EE499-FYP  * branch            main       -> FETCH_HEAD Already up to date.
2026-04-08 19:43:19  Sync complete. Next sync in 15m.
2026-04-08 19:58:19  Network available after 0s.
2026-04-08 19:58:20  fetch: 
2026-04-08 19:58:21  pull:  From https://github.com/fortuneolose/EE499-FYP  * branch            main       -> FETCH_HEAD Already up to date.
2026-04-08 19:58:21  Sync complete. Next sync in 15m.
2026-04-08 20:13:21  Network available after 0s.
2026-04-08 20:13:22  fetch: 
2026-04-08 20:13:22  pull:  From https://github.com/fortuneolose/EE499-FYP  * branch            main       -> FETCH_HEAD Already up to date.
2026-04-08 20:13:22  Sync complete. Next sync in 15m.
2026-04-08 20:28:24  Network available after 0s.
2026-04-08 20:28:28  fetch: 
2026-04-08 20:28:33  pull:  From https://github.com/fortuneolose/EE499-FYP  * branch            main       -> FETCH_HEAD Already up to date.
2026-04-08 20:28:33  Sync complete. Next sync in 15m.
2026-04-08 20:43:33  Network available after 0s.
2026-04-08 20:43:34  fetch: 
2026-04-08 20:43:35  pull:  From https://github.com/fortuneolose/EE499-FYP  * branch            main       -> FETCH_HEAD Already up to date.
2026-04-08 20:43:35  Sync complete. Next sync in 15m.
2026-04-08 20:58:35  Network available after 0s.
2026-04-08 20:58:36  fetch: 
2026-04-08 20:58:36  pull:  From https://github.com/fortuneolose/EE499-FYP  * branch            main       -> FETCH_HEAD Already up to date.
2026-04-08 20:58:36  Sync complete. Next sync in 15m.
2026-04-08 21:13:36  Network available after 0s.
2026-04-08 21:13:37  fetch: 
2026-04-08 21:13:38  pull:  From https://github.com/fortuneolose/EE499-FYP  * branch            main       -> FETCH_HEAD Already up to date.
2026-04-08 21:13:38  Sync complete. Next sync in 15m.
2026-04-08 21:28:38  Network available after 0s.
2026-04-08 21:28:38  fetch: 
2026-04-08 21:28:39  pull:  From https://github.com/fortuneolose/EE499-FYP  * branch            main       -> FETCH_HEAD Already up to date.
2026-04-08 21:28:39  Sync complete. Next sync in 15m.
2026-04-08 21:43:39  Network available after 0s.
2026-04-08 21:43:40  fetch: 
2026-04-08 21:43:40  pull:  From https://github.com/fortuneolose/EE499-FYP  * branch            main       -> FETCH_HEAD Already up to date.
2026-04-08 21:43:40  Sync complete. Next sync in 15m.
2026-04-08 21:58:41  Network available after 0s.
2026-04-08 21:58:41  fetch: 
2026-04-08 21:58:42  pull:  From https://github.com/fortuneolose/EE499-FYP  * branch            main       -> FETCH_HEAD Already up to date.
2026-04-08 21:58:42  Sync complete. Next sync in 15m.
2026-04-08 22:13:42  Network available after 0s.
2026-04-08 22:13:43  fetch: 
2026-04-08 22:13:43  pull:  From https://github.com/fortuneolose/EE499-FYP  * branch            main       -> FETCH_HEAD Already up to date.
2026-04-08 22:13:43  Sync complete. Next sync in 15m.
2026-04-08 22:28:43  Network available after 0s.
2026-04-08 22:28:44  fetch: 
2026-04-08 22:28:45  pull:  From https://github.com/fortuneolose/EE499-FYP  * branch            main       -> FETCH_HEAD Already up to date.
2026-04-08 22:28:45  Sync complete. Next sync in 15m.
2026-04-08 22:38:47  ===== sync_fyp started (interval: 15m) =====
2026-04-08 22:38:47  Network available after 0s.
2026-04-08 22:38:48  fetch: 
2026-04-08 22:38:50  pull:  From https://github.com/fortuneolose/EE499-FYP  * branch            main       -> FETCH_HEAD Already up to date.
2026-04-08 22:38:50  Sync complete. Next sync in 15m.
2026-04-08 22:53:50  Network available after 0s.
2026-04-08 22:53:51  fetch: 
2026-04-08 22:53:52  pull:  From https://github.com/fortuneolose/EE499-FYP  * branch            main       -> FETCH_HEAD Already up to date.
2026-04-08 22:53:52  Sync complete. Next sync in 15m.
2026-04-08 23:08:52  Network available after 0s.
2026-04-08 23:08:52  fetch: 
2026-04-08 23:08:53  pull:  From https://github.com/fortuneolose/EE499-FYP  * branch            main       -> FETCH_HEAD Already up to date.
2026-04-08 23:08:53  Sync complete. Next sync in 15m.
2026-04-08 23:23:53  Network available after 0s.
2026-04-08 23:23:54  fetch: 
2026-04-08 23:23:55  pull:  From https://github.com/fortuneolose/EE499-FYP  * branch            main       -> FETCH_HEAD Already up to date.
2026-04-08 23:23:55  Sync complete. Next sync in 15m.
2026-04-08 23:38:55  Network available after 0s.
2026-04-08 23:38:56  fetch: 
2026-04-08 23:38:56  pull:  From https://github.com/fortuneolose/EE499-FYP  * branch            main       -> FETCH_HEAD Already up to date.
2026-04-08 23:38:56  Sync complete. Next sync in 15m.
2026-04-08 23:53:56  Network available after 0s.
2026-04-08 23:53:57  fetch: 
2026-04-08 23:53:58  pull:  From https://github.com/fortuneolose/EE499-FYP  * branch            main       -> FETCH_HEAD Already up to date.
2026-04-08 23:53:58  Sync complete. Next sync in 15m.
2026-04-09 08:43:17  ===== sync_fyp started (interval: 15m) =====
2026-04-09 08:43:29  Network available after 5s.
2026-04-09 08:43:30  fetch: 
2026-04-09 08:43:31  pull:  From https://github.com/fortuneolose/EE499-FYP  * branch            main       -> FETCH_HEAD Already up to date.
2026-04-09 08:43:31  Sync complete. Next sync in 15m.
2026-04-09 22:13:56  ===== sync_fyp started (interval: 15m) =====
2026-04-09 22:13:56  Network available after 0s.
2026-04-09 22:13:58  fetch: From https://github.com/fortuneolose/EE499-FYP    009bb00..0a583e8  main       -> origin/main
2026-04-09 22:13:59  pull:  From https://github.com/fortuneolose/EE499-FYP  * branch            main       -> FETCH_HEAD Updating 009bb00..0a583e8 Fast-forward  .../LTC1871_Based_Boost_Controller/.history        |    2 +-  ...71_Based_Boost_Controller-2026-04-09_102322.zip |  Bin 0 -> 54490 bytes  .../LTC1871_Based_Boost_Controller/.history        |    2 +-  ...71_Based_Boost_Controller-2026-04-09_102330.zip |  Bin 0 -> 37926 bytes  ...71_Based_Boost_Controller-2026-04-09_134114.zip |  Bin 0 -> 70444 bytes  ...71_Based_Boost_Controller-2026-04-09_134126.zip |  Bin 0 -> 70713 bytes  ...71_Based_Boost_Controller-2026-04-09_150854.zip |  Bin 0 -> 70889 bytes  ...71_Based_Boost_Controller-2026-04-09_154511.zip |  Bin 0 -> 103748 bytes  ...71_Based_Boost_Controller-2026-04-09_160125.zip |  Bin 0 -> 105093 bytes  ...71_Based_Boost_Controller-2026-04-09_161450.zip |  Bin 0 -> 105146 bytes  ...71_Based_Boost_Controller-2026-04-09_163029.zip |  Bin 0 -> 107889 bytes  ...71_Based_Boost_Controller-2026-04-09_164657.zip |  Bin 0 -> 111777 bytes  ...71_Based_Boost_Controller-2026-04-09_164959.zip |  Bin 0 -> 111763 bytes  ...71_Based_Boost_Controller-2026-04-09_165540.zip |  Bin 0 -> 111774 bytes  ...71_Based_Boost_Controller-2026-04-09_171333.zip |  Bin 0 -> 112777 bytes  ...71_Based_Boost_Controller-2026-04-09_171817.zip |  Bin 0 -> 111816 bytes  ...71_Based_Boost_Controller-2026-04-09_172528.zip |  Bin 0 -> 114966 bytes  ...71_Based_Boost_Controller-2026-04-09_172827.zip |  Bin 0 -> 114978 bytes  ...71_Based_Boost_Controller-2026-04-09_173232.zip |  Bin 0 -> 116643 bytes  ...71_Based_Boost_Controller-2026-04-09_174301.zip |  Bin 0 -> 118867 bytes  ...71_Based_Boost_Controller-2026-04-09_174514.zip |  Bin 0 -> 120862 bytes  ...71_Based_Boost_Controller-2026-04-09_175502.zip |  Bin 0 -> 121285 bytes  ...71_Based_Boost_Controller-2026-04-09_175531.zip |  Bin 0 -> 125576 bytes  ...71_Based_Boost_Controller-2026-04-09_180231.zip |  Bin 0 -> 133414 bytes  ...71_Based_Boost_Controller-2026-04-09_184838.zip |  Bin 0 -> 137235 bytes  ...71_Based_Boost_Controller-2026-04-09_185849.zip |  Bin 0 -> 137208 bytes  ...71_Based_Boost_Controller-2026-04-09_185858.zip |  Bin 0 -> 137255 bytes  ...71_Based_Boost_Controller-2026-04-09_205049.zip |  Bin 0 -> 129474 bytes  .../LTC1871_Based_Boost_Controller.kicad_pcb       | 9628 +++++++++++++++++++-  .../LTC1871_Based_Boost_Controller.kicad_pro       |   29 +-  .../LTC1871_Based_Boost_Controller.kicad_sch       | 1730 +++-  .../~LTC1871_Based_Boost_Controller.kicad_pcb.lck} |    0  .../~LTC1871_Based_Boost_Controller.kicad_pro.lck} |    0  .../~LTC1871_Based_Boost_Controller.kicad_sch.lck  |    1 +  ...871_BOM_Caps_Rev5b_WithCin_2_Min_Value_Test.log |   44 +-  35 files changed, 11106 insertions(+), 330 deletions(-)  create mode 100644 KiCAD PCB Design/LTC1871_Based_Boost_Controller/LTC1871_Based_Boost_Controller-backups/LTC1871_Based_Boost_Controller-2026-04-09_102322.zip  create mode 100644 KiCAD PCB Design/LTC1871_Boost_FYP_KiCad/LTC1871_Based_Boost_Controller/LTC1871_Based_Boost_Controller-backups/LTC1871_Based_Boost_Controller-2026-04-09_102330.zip  create mode 100644 KiCAD PCB Design/LTC1871_Boost_FYP_KiCad/LTC1871_Based_Boost_Controller/LTC1871_Based_Boost_Controller-backups/LTC1871_Based_Boost_Controller-2026-04-09_134114.zip  create mode 100644 KiCAD PCB Design/LTC1871_Boost_FYP_KiCad/LTC1871_Based_Boost_Controller/LTC1871_Based_Boost_Controller-backups/LTC1871_Based_Boost_Controller-2026-04-09_134126.zip  create mode 100644 KiCAD PCB Design/LTC1871_Boost_FYP_KiCad/LTC1871_Based_Boost_Controller/LTC1871_Based_Boost_Controller-backups/LTC1871_Based_Boost_Controller-2026-04-09_150854.zip  create mode 100644 KiCAD PCB Design/LTC1871_Boost_FYP_KiCad/LTC1871_Based_Boost_Controller/LTC1871_Based_Boost_Controller-backups/LTC1871_Based_Boost_Controller-2026-04-09_154511.zip  create mode 100644 KiCAD PCB Design/LTC1871_Boost_FYP_KiCad/LTC1871_Based_Boost_Controller/LTC1871_Based_Boost_Controller-backups/LTC1871_Based_Boost_Controller-2026-04-09_160125.zip  create mode 100644 KiCAD PCB Design/LTC1871_Boost_FYP_KiCad/LTC1871_Based_Boost_Controller/LTC1871_Based_Boost_Controller-backups/LTC1871_Based_Boost_Controller-2026-04-09_161450.zip  create mode 100644 KiCAD PCB Design/LTC1871_Boost_FYP_KiCad/LTC1871_Based_Boost_Controller/LTC1871_Based_Boost_Controller-backups/LTC1871_Based_Boost_Controller-2026-04-09_163029.zip  create mode 100644 KiCAD PCB Design/LTC1871_Boost_FYP_KiCad/LTC1871_Based_Boost_Controller/LTC1871_Based_Boost_Controller-backups/LTC1871_Based_Boost_Controller-2026-04-09_164657.zip  create mode 100644 KiCAD PCB Design/LTC1871_Boost_FYP_KiCad/LTC1871_Based_Boost_Controller/LTC1871_Based_Boost_Controller-backups/LTC1871_Based_Boost_Controller-2026-04-09_164959.zip  create mode 100644 KiCAD PCB Design/LTC1871_Boost_FYP_KiCad/LTC1871_Based_Boost_Controller/LTC1871_Based_Boost_Controller-backups/LTC1871_Based_Boost_Controller-2026-04-09_165540.zip  create mode 100644 KiCAD PCB Design/LTC1871_Boost_FYP_KiCad/LTC1871_Based_Boost_Controller/LTC1871_Based_Boost_Controller-backups/LTC1871_Based_Boost_Controller-2026-04-09_171333.zip  create mode 100644 KiCAD PCB Design/LTC1871_Boost_FYP_KiCad/LTC1871_Based_Boost_Controller/LTC1871_Based_Boost_Controller-backups/LTC1871_Based_Boost_Controller-2026-04-09_171817.zip  create mode 100644 KiCAD PCB Design/LTC1871_Boost_FYP_KiCad/LTC1871_Based_Boost_Controller/LTC1871_Based_Boost_Controller-backups/LTC1871_Based_Boost_Controller-2026-04-09_172528.zip  create mode 100644 KiCAD PCB Design/LTC1871_Boost_FYP_KiCad/LTC1871_Based_Boost_Controller/LTC1871_Based_Boost_Controller-backups/LTC1871_Based_Boost_Controller-2026-04-09_172827.zip  create mode 100644 KiCAD PCB Design/LTC1871_Boost_FYP_KiCad/LTC1871_Based_Boost_Controller/LTC1871_Based_Boost_Controller-backups/LTC1871_Based_Boost_Controller-2026-04-09_173232.zip  create mode 100644 KiCAD PCB Design/LTC1871_Boost_FYP_KiCad/LTC1871_Based_Boost_Controller/LTC1871_Based_Boost_Controller-backups/LTC1871_Based_Boost_Controller-2026-04-09_174301.zip  create mode 100644 KiCAD PCB Design/LTC1871_Boost_FYP_KiCad/LTC1871_Based_Boost_Controller/LTC1871_Based_Boost_Controller-backups/LTC1871_Based_Boost_Controller-2026-04-09_174514.zip  create mode 100644 KiCAD PCB Design/LTC1871_Boost_FYP_KiCad/LTC1871_Based_Boost_Controller/LTC1871_Based_Boost_Controller-backups/LTC1871_Based_Boost_Controller-2026-04-09_175502.zip  create mode 100644 KiCAD PCB Design/LTC1871_Boost_FYP_KiCad/LTC1871_Based_Boost_Controller/LTC1871_Based_Boost_Controller-backups/LTC1871_Based_Boost_Controller-2026-04-09_175531.zip  create mode 100644 KiCAD PCB Design/LTC1871_Boost_FYP_KiCad/LTC1871_Based_Boost_Controller/LTC1871_Based_Boost_Controller-backups/LTC1871_Based_Boost_Controller-2026-04-09_180231.zip  create mode 100644 KiCAD PCB Design/LTC1871_Boost_FYP_KiCad/LTC1871_Based_Boost_Controller/LTC1871_Based_Boost_Controller-backups/LTC1871_Based_Boost_Controller-2026-04-09_184838.zip  create mode 100644 KiCAD PCB Design/LTC1871_Boost_FYP_KiCad/LTC1871_Based_Boost_Controller/LTC1871_Based_Boost_Controller-backups/LTC1871_Based_Boost_Controller-2026-04-09_185849.zip  create mode 100644 KiCAD PCB Design/LTC1871_Boost_FYP_KiCad/LTC1871_Based_Boost_Controller/LTC1871_Based_Boost_Controller-backups/LTC1871_Based_Boost_Controller-2026-04-09_185858.zip  create mode 100644 KiCAD PCB Design/LTC1871_Boost_FYP_KiCad/LTC1871_Based_Boost_Controller/LTC1871_Based_Boost_Controller-backups/LTC1871_Based_Boost_Controller-2026-04-09_205049.zip  rename KiCAD PCB Design/{LTC1871_Based_Boost_Controller/~LTC1871_Based_Boost_Controller.kicad_pro.lck => LTC1871_Boost_FYP_KiCad/LTC1871_Based_Boost_Controller/~LTC1871_Based_Boost_Controller.kicad_pcb.lck} (100%)  rename KiCAD PCB Design/{LTC1871_Based_Boost_Controller/~LTC1871_Based_Boost_Controller.kicad_sch.lck => LTC1871_Boost_FYP_KiCad/LTC1871_Based_Boost_Controller/~LTC1871_Based_Boost_Controller.kicad_pro.lck} (100%)  create mode 100644 KiCAD PCB Design/LTC1871_Boost_FYP_KiCad/LTC1871_Based_Boost_Controller/~LTC1871_Based_Boost_Controller.kicad_sch.lck
2026-04-09 22:13:59  Sync complete. Next sync in 15m.
2026-04-09 22:28:59  Network available after 0s.
2026-04-09 22:29:00  fetch: 
2026-04-09 22:29:01  pull:  From https://github.com/fortuneolose/EE499-FYP  * branch            main       -> FETCH_HEAD Already up to date.
2026-04-09 22:29:01  Sync complete. Next sync in 15m.
2026-04-09 22:44:01  Network available after 0s.
2026-04-09 22:44:02  fetch: 
2026-04-09 22:44:02  pull:  From https://github.com/fortuneolose/EE499-FYP  * branch            main       -> FETCH_HEAD Already up to date.
2026-04-09 22:44:02  Sync complete. Next sync in 15m.
2026-04-09 22:59:02  Network available after 0s.
2026-04-09 22:59:03  fetch: 
2026-04-09 22:59:04  pull:  From https://github.com/fortuneolose/EE499-FYP  * branch            main       -> FETCH_HEAD Already up to date.
2026-04-09 22:59:04  Sync complete. Next sync in 15m.
2026-04-09 23:14:04  Network available after 0s.
2026-04-09 23:14:05  fetch: 
2026-04-09 23:14:06  pull:  From https://github.com/fortuneolose/EE499-FYP  * branch            main       -> FETCH_HEAD Already up to date.
2026-04-09 23:14:06  Sync complete. Next sync in 15m.
2026-04-09 23:29:06  Network available after 0s.
2026-04-09 23:29:07  fetch: 
2026-04-09 23:29:07  pull:  From https://github.com/fortuneolose/EE499-FYP  * branch            main       -> FETCH_HEAD Already up to date.
2026-04-09 23:29:07  Sync complete. Next sync in 15m.
2026-04-09 23:44:08  Network available after 0s.
2026-04-09 23:44:08  fetch: 
2026-04-09 23:44:09  pull:  From https://github.com/fortuneolose/EE499-FYP  * branch            main       -> FETCH_HEAD Already up to date.
2026-04-09 23:44:09  Sync complete. Next sync in 15m.
2026-04-09 23:59:09  Network available after 0s.
2026-04-09 23:59:10  fetch: 
2026-04-09 23:59:11  pull:  From https://github.com/fortuneolose/EE499-FYP  * branch            main       -> FETCH_HEAD Already up to date.
2026-04-09 23:59:11  Sync complete. Next sync in 15m.
2026-04-10 00:14:11  Network available after 0s.
2026-04-10 00:14:11  fetch: 
2026-04-10 00:14:12  pull:  From https://github.com/fortuneolose/EE499-FYP  * branch            main       -> FETCH_HEAD Already up to date.
2026-04-10 00:14:12  Sync complete. Next sync in 15m.
2026-04-10 00:29:12  Network available after 0s.
2026-04-10 00:29:13  fetch: 
2026-04-10 00:29:14  pull:  From https://github.com/fortuneolose/EE499-FYP  * branch            main       -> FETCH_HEAD Already up to date.
2026-04-10 00:29:14  Sync complete. Next sync in 15m.
2026-04-10 00:44:17  Network available after 0s.
2026-04-10 00:44:17  fetch: 
2026-04-10 00:44:18  pull:  From https://github.com/fortuneolose/EE499-FYP  * branch            main       -> FETCH_HEAD Already up to date.
2026-04-10 00:44:18  Sync complete. Next sync in 15m.
2026-04-10 09:14:37  ===== sync_fyp started (interval: 15m) =====
2026-04-10 09:14:47  Network available after 0s.
2026-04-10 09:14:48  fetch: 
2026-04-10 09:14:50  pull:  From https://github.com/fortuneolose/EE499-FYP  * branch            main       -> FETCH_HEAD Already up to date.
2026-04-10 09:14:50  Sync complete. Next sync in 15m.
2026-04-10 09:29:50  Network available after 0s.
2026-04-10 09:29:51  fetch: 
2026-04-10 09:29:51  pull:  From https://github.com/fortuneolose/EE499-FYP  * branch            main       -> FETCH_HEAD Already up to date.
2026-04-10 09:29:51  Sync complete. Next sync in 15m.
2026-04-10 09:44:52  Network available after 0s.
2026-04-10 09:44:53  fetch: 
2026-04-10 09:44:53  pull:  From https://github.com/fortuneolose/EE499-FYP  * branch            main       -> FETCH_HEAD Already up to date.
2026-04-10 09:44:53  Sync complete. Next sync in 15m.
2026-04-10 09:59:54  Network available after 0s.
2026-04-10 09:59:54  fetch: 
2026-04-10 09:59:55  pull:  From https://github.com/fortuneolose/EE499-FYP  * branch            main       -> FETCH_HEAD Already up to date.
2026-04-10 09:59:55  Sync complete. Next sync in 15m.
2026-04-10 10:14:55  Network available after 0s.
2026-04-10 10:14:56  fetch: 
2026-04-10 10:14:57  pull:  From https://github.com/fortuneolose/EE499-FYP  * branch            main       -> FETCH_HEAD Already up to date.
2026-04-10 10:14:57  Sync complete. Next sync in 15m.
2026-04-10 21:23:48  ===== sync_fyp started (interval: 15m) =====
2026-04-10 21:23:48  Network available after 0s.
2026-04-10 21:23:51  fetch: From https://github.com/fortuneolose/EE499-FYP    c0e3bfd..f673001  main       -> origin/main
2026-04-10 21:23:53  pull:  From https://github.com/fortuneolose/EE499-FYP  * branch            main       -> FETCH_HEAD error: Your local changes to the following files would be overwritten by merge: 	KiCAD PCB Design/LTC1871_Boost_FYP_KiCad/LTC1871_Based_Boost_Controller/LTC1871_Based_Boost_Controller.kicad_pcb 	KiCAD PCB Design/LTC1871_Boost_FYP_KiCad/LTC1871_Based_Boost_Controller/LTC1871_Based_Boost_Controller.kicad_prl 	KiCAD PCB Design/LTC1871_Boost_FYP_KiCad/LTC1871_Based_Boost_Controller/LTC1871_Based_Boost_Controller.kicad_pro Please commit your changes or stash them before you merge. Updating c0e3bfd..f673001 Aborting
2026-04-10 21:23:53  Sync complete. Next sync in 15m.
2026-04-10 21:38:53  Network available after 0s.
2026-04-10 21:38:53  fetch: 
2026-04-10 21:38:54  pull:  From https://github.com/fortuneolose/EE499-FYP  * branch            main       -> FETCH_HEAD error: Your local changes to the following files would be overwritten by merge: 	KiCAD PCB Design/LTC1871_Boost_FYP_KiCad/LTC1871_Based_Boost_Controller/LTC1871_Based_Boost_Controller.kicad_pcb 	KiCAD PCB Design/LTC1871_Boost_FYP_KiCad/LTC1871_Based_Boost_Controller/LTC1871_Based_Boost_Controller.kicad_prl 	KiCAD PCB Design/LTC1871_Boost_FYP_KiCad/LTC1871_Based_Boost_Controller/LTC1871_Based_Boost_Controller.kicad_pro Please commit your changes or stash them before you merge. Updating c0e3bfd..f673001 Aborting
2026-04-10 21:38:54  Sync complete. Next sync in 15m.
2026-04-10 21:53:55  Network available after 0s.
2026-04-10 21:53:56  fetch: From https://github.com/fortuneolose/EE499-FYP    f673001..7125335  main       -> origin/main
2026-04-10 21:53:57  pull:  From https://github.com/fortuneolose/EE499-FYP  * branch            main       -> FETCH_HEAD error: The following untracked working tree files would be overwritten by merge: 	KiCAD PCB Design/LTC1871_Boost_FYP_KiCad/LTC1871_Based_Boost_Controller/~LTC1871_Based_Boost_Controller.kicad_sch.lck Please move or remove them before you merge. Updating f673001..7125335 Aborting
2026-04-10 21:53:57  Sync complete. Next sync in 15m.
2026-04-10 22:08:57  Network available after 0s.
2026-04-10 22:08:57  fetch: 
2026-04-10 22:08:58  pull:  From https://github.com/fortuneolose/EE499-FYP  * branch            main       -> FETCH_HEAD error: The following untracked working tree files would be overwritten by merge: 	KiCAD PCB Design/LTC1871_Boost_FYP_KiCad/LTC1871_Based_Boost_Controller/~LTC1871_Based_Boost_Controller.kicad_sch.lck Please move or remove them before you merge. Updating f673001..7125335 Aborting
2026-04-10 22:08:58  Sync complete. Next sync in 15m.
2026-04-10 22:23:58  Network available after 0s.
2026-04-10 22:23:59  fetch: 
2026-04-10 22:24:00  pull:  From https://github.com/fortuneolose/EE499-FYP  * branch            main       -> FETCH_HEAD error: The following untracked working tree files would be overwritten by merge: 	KiCAD PCB Design/LTC1871_Boost_FYP_KiCad/LTC1871_Based_Boost_Controller/~LTC1871_Based_Boost_Controller.kicad_sch.lck Please move or remove them before you merge. Updating f673001..7125335 Aborting
2026-04-10 22:24:00  Sync complete. Next sync in 15m.
2026-04-10 22:39:00  Network available after 0s.
2026-04-10 22:39:01  fetch: 
2026-04-10 22:39:02  pull:  From https://github.com/fortuneolose/EE499-FYP  * branch            main       -> FETCH_HEAD error: The following untracked working tree files would be overwritten by merge: 	KiCAD PCB Design/LTC1871_Boost_FYP_KiCad/LTC1871_Based_Boost_Controller/~LTC1871_Based_Boost_Controller.kicad_sch.lck Please move or remove them before you merge. Updating f673001..7125335 Aborting
2026-04-10 22:39:02  Sync complete. Next sync in 15m.
2026-04-10 22:54:02  Network available after 0s.
2026-04-10 22:54:02  fetch: 
2026-04-10 22:54:03  pull:  From https://github.com/fortuneolose/EE499-FYP  * branch            main       -> FETCH_HEAD error: The following untracked working tree files would be overwritten by merge: 	KiCAD PCB Design/LTC1871_Boost_FYP_KiCad/LTC1871_Based_Boost_Controller/~LTC1871_Based_Boost_Controller.kicad_sch.lck Please move or remove them before you merge. Updating f673001..7125335 Aborting
2026-04-10 22:54:03  Sync complete. Next sync in 15m.
2026-04-10 23:09:04  Network available after 0s.
2026-04-10 23:09:04  fetch: 
2026-04-10 23:09:05  pull:  From https://github.com/fortuneolose/EE499-FYP  * branch            main       -> FETCH_HEAD error: The following untracked working tree files would be overwritten by merge: 	KiCAD PCB Design/LTC1871_Boost_FYP_KiCad/LTC1871_Based_Boost_Controller/~LTC1871_Based_Boost_Controller.kicad_sch.lck Please move or remove them before you merge. Updating f673001..7125335 Aborting
2026-04-10 23:09:05  Sync complete. Next sync in 15m.
2026-04-10 23:24:05  Network available after 0s.
2026-04-10 23:24:06  fetch: 
2026-04-10 23:24:07  pull:  From https://github.com/fortuneolose/EE499-FYP  * branch            main       -> FETCH_HEAD error: The following untracked working tree files would be overwritten by merge: 	KiCAD PCB Design/LTC1871_Boost_FYP_KiCad/LTC1871_Based_Boost_Controller/~LTC1871_Based_Boost_Controller.kicad_sch.lck Please move or remove them before you merge. Updating f673001..7125335 Aborting
2026-04-10 23:24:07  Sync complete. Next sync in 15m.
2026-04-10 23:39:07  Network available after 0s.
2026-04-10 23:39:08  fetch: 
2026-04-10 23:39:08  pull:  From https://github.com/fortuneolose/EE499-FYP  * branch            main       -> FETCH_HEAD error: The following untracked working tree files would be overwritten by merge: 	KiCAD PCB Design/LTC1871_Boost_FYP_KiCad/LTC1871_Based_Boost_Controller/~LTC1871_Based_Boost_Controller.kicad_sch.lck Please move or remove them before you merge. Updating f673001..7125335 Aborting
2026-04-10 23:39:08  Sync complete. Next sync in 15m.
2026-04-10 23:54:09  Network available after 0s.
2026-04-10 23:54:09  fetch: 
2026-04-10 23:54:10  pull:  From https://github.com/fortuneolose/EE499-FYP  * branch            main       -> FETCH_HEAD error: Your local changes to the following files would be overwritten by merge: 	KiCAD PCB Design/LTC1871_Boost_FYP_KiCad/LTC1871_Based_Boost_Controller/LTC1871_Based_Boost_Controller.kicad_pro Please commit your changes or stash them before you merge. error: The following untracked working tree files would be overwritten by merge: 	KiCAD PCB Design/LTC1871_Boost_FYP_KiCad/LTC1871_Based_Boost_Controller/~LTC1871_Based_Boost_Controller.kicad_sch.lck Please move or remove them before you merge. Updating f673001..7125335 Aborting
2026-04-10 23:54:10  Sync complete. Next sync in 15m.
2026-04-11 00:09:10  Network available after 0s.
2026-04-11 00:09:12  fetch: 
2026-04-11 00:09:14  pull:  From https://github.com/fortuneolose/EE499-FYP  * branch            main       -> FETCH_HEAD error: Your local changes to the following files would be overwritten by merge: 	KiCAD PCB Design/LTC1871_Boost_FYP_KiCad/LTC1871_Based_Boost_Controller/LTC1871_Based_Boost_Controller.kicad_pro Please commit your changes or stash them before you merge. Updating f673001..7125335 Aborting
2026-04-11 00:09:14  Sync complete. Next sync in 15m.
2026-04-11 00:24:14  Network available after 0s.
2026-04-11 00:24:15  fetch: 
2026-04-11 00:24:17  pull:  From https://github.com/fortuneolose/EE499-FYP  * branch            main       -> FETCH_HEAD error: Your local changes to the following files would be overwritten by merge: 	KiCAD PCB Design/LTC1871_Boost_FYP_KiCad/LTC1871_Based_Boost_Controller/LTC1871_Based_Boost_Controller.kicad_pro Please commit your changes or stash them before you merge. Updating f673001..7125335 Aborting
2026-04-11 00:24:17  Sync complete. Next sync in 15m.
2026-04-11 07:39:13  ===== sync_fyp started (interval: 15m) =====
2026-04-11 07:39:13  Network available after 0s.
2026-04-11 07:39:15  fetch: 
2026-04-11 07:39:16  pull:  From https://github.com/fortuneolose/EE499-FYP  * branch            main       -> FETCH_HEAD error: Your local changes to the following files would be overwritten by merge: 	KiCAD PCB Design/LTC1871_Boost_FYP_KiCad/LTC1871_Based_Boost_Controller/LTC1871_Based_Boost_Controller.kicad_pro Please commit your changes or stash them before you merge. error: The following untracked working tree files would be overwritten by merge: 	KiCAD PCB Design/LTC1871_Boost_FYP_KiCad/LTC1871_Based_Boost_Controller/~LTC1871_Based_Boost_Controller.kicad_sch.lck Please move or remove them before you merge. Updating f673001..7125335 Aborting
2026-04-11 07:39:16  Sync complete. Next sync in 15m.
2026-04-11 07:54:16  Network available after 0s.
2026-04-11 07:54:16  fetch: 
2026-04-11 07:54:17  pull:  From https://github.com/fortuneolose/EE499-FYP  * branch            main       -> FETCH_HEAD error: Your local changes to the following files would be overwritten by merge: 	KiCAD PCB Design/LTC1871_Boost_FYP_KiCad/LTC1871_Based_Boost_Controller/LTC1871_Based_Boost_Controller.kicad_pro Please commit your changes or stash them before you merge. error: The following untracked working tree files would be overwritten by merge: 	KiCAD PCB Design/LTC1871_Boost_FYP_KiCad/LTC1871_Based_Boost_Controller/~LTC1871_Based_Boost_Controller.kicad_sch.lck Please move or remove them before you merge. Updating f673001..7125335 Aborting
2026-04-11 07:54:17  Sync complete. Next sync in 15m.
2026-04-11 08:09:17  Network available after 0s.
2026-04-11 08:09:18  fetch: 
2026-04-11 08:09:19  pull:  From https://github.com/fortuneolose/EE499-FYP  * branch            main       -> FETCH_HEAD error: Your local changes to the following files would be overwritten by merge: 	KiCAD PCB Design/LTC1871_Boost_FYP_KiCad/LTC1871_Based_Boost_Controller/LTC1871_Based_Boost_Controller.kicad_pro Please commit your changes or stash them before you merge. error: The following untracked working tree files would be overwritten by merge: 	KiCAD PCB Design/LTC1871_Boost_FYP_KiCad/LTC1871_Based_Boost_Controller/~LTC1871_Based_Boost_Controller.kicad_sch.lck Please move or remove them before you merge. Updating f673001..7125335 Aborting
2026-04-11 08:09:19  Sync complete. Next sync in 15m.
2026-04-11 08:24:19  Network available after 0s.
2026-04-11 08:24:19  fetch: 
2026-04-11 08:24:20  pull:  From https://github.com/fortuneolose/EE499-FYP  * branch            main       -> FETCH_HEAD error: Your local changes to the following files would be overwritten by merge: 	KiCAD PCB Design/LTC1871_Boost_FYP_KiCad/LTC1871_Based_Boost_Controller/LTC1871_Based_Boost_Controller.kicad_pro Please commit your changes or stash them before you merge. error: The following untracked working tree files would be overwritten by merge: 	KiCAD PCB Design/LTC1871_Boost_FYP_KiCad/LTC1871_Based_Boost_Controller/~LTC1871_Based_Boost_Controller.kicad_sch.lck Please move or remove them before you merge. Updating f673001..7125335 Aborting
2026-04-11 08:24:20  Sync complete. Next sync in 15m.
2026-04-11 08:39:20  Network available after 0s.
2026-04-11 08:39:21  fetch: 
2026-04-11 08:39:22  pull:  From https://github.com/fortuneolose/EE499-FYP  * branch            main       -> FETCH_HEAD error: Your local changes to the following files would be overwritten by merge: 	KiCAD PCB Design/LTC1871_Boost_FYP_KiCad/LTC1871_Based_Boost_Controller/LTC1871_Based_Boost_Controller.kicad_pro Please commit your changes or stash them before you merge. error: The following untracked working tree files would be overwritten by merge: 	KiCAD PCB Design/LTC1871_Boost_FYP_KiCad/LTC1871_Based_Boost_Controller/~LTC1871_Based_Boost_Controller.kicad_sch.lck Please move or remove them before you merge. Updating f673001..7125335 Aborting
2026-04-11 08:39:22  Sync complete. Next sync in 15m.
2026-04-11 08:54:22  Network available after 0s.
2026-04-11 08:54:23  fetch: 
2026-04-11 08:54:23  pull:  From https://github.com/fortuneolose/EE499-FYP  * branch            main       -> FETCH_HEAD error: Your local changes to the following files would be overwritten by merge: 	KiCAD PCB Design/LTC1871_Boost_FYP_KiCad/LTC1871_Based_Boost_Controller/LTC1871_Based_Boost_Controller.kicad_pro Please commit your changes or stash them before you merge. error: The following untracked working tree files would be overwritten by merge: 	KiCAD PCB Design/LTC1871_Boost_FYP_KiCad/LTC1871_Based_Boost_Controller/~LTC1871_Based_Boost_Controller.kicad_sch.lck Please move or remove them before you merge. Updating f673001..7125335 Aborting
2026-04-11 08:54:23  Sync complete. Next sync in 15m.
2026-04-11 09:09:23  Network available after 0s.
2026-04-11 09:09:24  fetch: 
2026-04-11 09:09:25  pull:  From https://github.com/fortuneolose/EE499-FYP  * branch            main       -> FETCH_HEAD error: Your local changes to the following files would be overwritten by merge: 	KiCAD PCB Design/LTC1871_Boost_FYP_KiCad/LTC1871_Based_Boost_Controller/LTC1871_Based_Boost_Controller.kicad_pro Please commit your changes or stash them before you merge. error: The following untracked working tree files would be overwritten by merge: 	KiCAD PCB Design/LTC1871_Boost_FYP_KiCad/LTC1871_Based_Boost_Controller/~LTC1871_Based_Boost_Controller.kicad_sch.lck Please move or remove them before you merge. Updating f673001..7125335 Aborting
2026-04-11 09:09:25  Sync complete. Next sync in 15m.
2026-04-11 09:24:25  Network available after 0s.
2026-04-11 09:24:26  fetch: 
2026-04-11 09:24:26  pull:  From https://github.com/fortuneolose/EE499-FYP  * branch            main       -> FETCH_HEAD error: Your local changes to the following files would be overwritten by merge: 	KiCAD PCB Design/LTC1871_Boost_FYP_KiCad/LTC1871_Based_Boost_Controller/LTC1871_Based_Boost_Controller.kicad_pro Please commit your changes or stash them before you merge. error: The following untracked working tree files would be overwritten by merge: 	KiCAD PCB Design/LTC1871_Boost_FYP_KiCad/LTC1871_Based_Boost_Controller/~LTC1871_Based_Boost_Controller.kicad_sch.lck Please move or remove them before you merge. Updating f673001..7125335 Aborting
2026-04-11 09:24:26  Sync complete. Next sync in 15m.
2026-04-11 09:44:53  ===== sync_fyp started (interval: 15m) =====
2026-04-11 09:45:02  Network available after 0s.
2026-04-11 09:45:03  fetch: 
2026-04-11 09:45:04  pull:  From https://github.com/fortuneolose/EE499-FYP  * branch            main       -> FETCH_HEAD error: Your local changes to the following files would be overwritten by merge: 	KiCAD PCB Design/LTC1871_Boost_FYP_KiCad/LTC1871_Based_Boost_Controller/LTC1871_Based_Boost_Controller.kicad_pro Please commit your changes or stash them before you merge. Updating f673001..7125335 Aborting
2026-04-11 09:45:04  Sync complete. Next sync in 15m.
2026-04-11 10:00:04  Network available after 0s.
2026-04-11 10:00:05  fetch: 
2026-04-11 10:00:06  pull:  From https://github.com/fortuneolose/EE499-FYP  * branch            main       -> FETCH_HEAD error: Your local changes to the following files would be overwritten by merge: 	KiCAD PCB Design/LTC1871_Boost_FYP_KiCad/LTC1871_Based_Boost_Controller/LTC1871_Based_Boost_Controller.kicad_pro Please commit your changes or stash them before you merge. error: The following untracked working tree files would be overwritten by merge: 	KiCAD PCB Design/LTC1871_Boost_FYP_KiCad/LTC1871_Based_Boost_Controller/~LTC1871_Based_Boost_Controller.kicad_sch.lck Please move or remove them before you merge. Updating f673001..7125335 Aborting
2026-04-11 10:00:06  Sync complete. Next sync in 15m.
2026-04-11 10:15:06  Network available after 0s.
2026-04-11 10:15:07  fetch: 
2026-04-11 10:15:08  pull:  From https://github.com/fortuneolose/EE499-FYP  * branch            main       -> FETCH_HEAD error: Your local changes to the following files would be overwritten by merge: 	KiCAD PCB Design/LTC1871_Boost_FYP_KiCad/LTC1871_Based_Boost_Controller/LTC1871_Based_Boost_Controller.kicad_pro Please commit your changes or stash them before you merge. error: The following untracked working tree files would be overwritten by merge: 	KiCAD PCB Design/LTC1871_Boost_FYP_KiCad/LTC1871_Based_Boost_Controller/~LTC1871_Based_Boost_Controller.kicad_sch.lck Please move or remove them before you merge. Updating f673001..7125335 Aborting
2026-04-11 10:15:08  Sync complete. Next sync in 15m.
2026-04-11 11:05:15  ===== sync_fyp started (interval: 15m) =====
2026-04-11 11:05:16  Network available after 0s.
2026-04-11 11:05:17  fetch: 
2026-04-11 11:05:17  pull:  From https://github.com/fortuneolose/EE499-FYP  * branch            main       -> FETCH_HEAD error: Your local changes to the following files would be overwritten by merge: 	KiCAD PCB Design/LTC1871_Boost_FYP_KiCad/LTC1871_Based_Boost_Controller/LTC1871_Based_Boost_Controller.kicad_pro Please commit your changes or stash them before you merge. Updating f673001..7125335 Aborting
2026-04-11 11:05:17  Sync complete. Next sync in 15m.
2026-04-11 11:20:18  Network available after 0s.
2026-04-11 11:20:18  fetch: 
2026-04-11 11:20:19  pull:  From https://github.com/fortuneolose/EE499-FYP  * branch            main       -> FETCH_HEAD error: Your local changes to the following files would be overwritten by merge: 	KiCAD PCB Design/LTC1871_Boost_FYP_KiCad/LTC1871_Based_Boost_Controller/LTC1871_Based_Boost_Controller.kicad_pro Please commit your changes or stash them before you merge. Updating f673001..7125335 Aborting
2026-04-11 11:20:19  Sync complete. Next sync in 15m.
2026-04-11 11:35:19  Network available after 0s.
2026-04-11 11:35:20  fetch: 
2026-04-11 11:35:21  pull:  From https://github.com/fortuneolose/EE499-FYP  * branch            main       -> FETCH_HEAD error: Your local changes to the following files would be overwritten by merge: 	KiCAD PCB Design/LTC1871_Boost_FYP_KiCad/LTC1871_Based_Boost_Controller/LTC1871_Based_Boost_Controller.kicad_pro Please commit your changes or stash them before you merge. Updating f673001..7125335 Aborting
2026-04-11 11:35:21  Sync complete. Next sync in 15m.
2026-04-11 11:50:21  Network available after 0s.
2026-04-11 11:50:21  fetch: 
2026-04-11 11:50:22  pull:  From https://github.com/fortuneolose/EE499-FYP  * branch            main       -> FETCH_HEAD error: Your local changes to the following files would be overwritten by merge: 	KiCAD PCB Design/LTC1871_Boost_FYP_KiCad/LTC1871_Based_Boost_Controller/LTC1871_Based_Boost_Controller.kicad_pro Please commit your changes or stash them before you merge. Updating f673001..7125335 Aborting
2026-04-11 11:50:22  Sync complete. Next sync in 15m.
2026-04-11 21:03:36  ===== sync_fyp started (interval: 15m) =====
2026-04-11 21:03:36  Network available after 0s.
2026-04-11 21:03:37  fetch: 
2026-04-11 21:03:38  pull:  From https://github.com/fortuneolose/EE499-FYP  * branch            main       -> FETCH_HEAD error: Your local changes to the following files would be overwritten by merge: 	KiCAD PCB Design/LTC1871_Boost_FYP_KiCad/LTC1871_Based_Boost_Controller/LTC1871_Based_Boost_Controller.kicad_pro Please commit your changes or stash them before you merge. error: The following untracked working tree files would be overwritten by merge: 	KiCAD PCB Design/LTC1871_Boost_FYP_KiCad/LTC1871_Based_Boost_Controller/~LTC1871_Based_Boost_Controller.kicad_sch.lck Please move or remove them before you merge. Updating f673001..7125335 Aborting
2026-04-11 21:03:38  Sync complete. Next sync in 15m.
2026-04-11 21:18:38  Network available after 0s.
2026-04-11 21:18:38  fetch: 
2026-04-11 21:18:39  pull:  From https://github.com/fortuneolose/EE499-FYP  * branch            main       -> FETCH_HEAD error: Your local changes to the following files would be overwritten by merge: 	KiCAD PCB Design/LTC1871_Boost_FYP_KiCad/LTC1871_Based_Boost_Controller/LTC1871_Based_Boost_Controller.kicad_pro Please commit your changes or stash them before you merge. error: The following untracked working tree files would be overwritten by merge: 	KiCAD PCB Design/LTC1871_Boost_FYP_KiCad/LTC1871_Based_Boost_Controller/~LTC1871_Based_Boost_Controller.kicad_sch.lck Please move or remove them before you merge. Updating f673001..7125335 Aborting
2026-04-11 21:18:39  Sync complete. Next sync in 15m.
2026-04-11 21:33:39  Network available after 0s.
2026-04-11 21:33:40  fetch: 
2026-04-11 21:33:41  pull:  From https://github.com/fortuneolose/EE499-FYP  * branch            main       -> FETCH_HEAD error: Your local changes to the following files would be overwritten by merge: 	KiCAD PCB Design/LTC1871_Boost_FYP_KiCad/LTC1871_Based_Boost_Controller/LTC1871_Based_Boost_Controller.kicad_pro Please commit your changes or stash them before you merge. error: The following untracked working tree files would be overwritten by merge: 	KiCAD PCB Design/LTC1871_Boost_FYP_KiCad/LTC1871_Based_Boost_Controller/~LTC1871_Based_Boost_Controller.kicad_sch.lck Please move or remove them before you merge. Updating f673001..7125335 Aborting
2026-04-11 21:33:41  Sync complete. Next sync in 15m.
2026-04-11 21:48:41  Network available after 0s.
2026-04-11 21:48:42  fetch: 
2026-04-11 21:48:43  pull:  From https://github.com/fortuneolose/EE499-FYP  * branch            main       -> FETCH_HEAD error: Your local changes to the following files would be overwritten by merge: 	KiCAD PCB Design/LTC1871_Boost_FYP_KiCad/LTC1871_Based_Boost_Controller/LTC1871_Based_Boost_Controller.kicad_pro Please commit your changes or stash them before you merge. error: The following untracked working tree files would be overwritten by merge: 	KiCAD PCB Design/LTC1871_Boost_FYP_KiCad/LTC1871_Based_Boost_Controller/~LTC1871_Based_Boost_Controller.kicad_sch.lck Please move or remove them before you merge. Updating f673001..7125335 Aborting
2026-04-11 21:48:43  Sync complete. Next sync in 15m.
2026-04-11 22:03:43  Network available after 0s.
2026-04-11 22:03:43  fetch: 
2026-04-11 22:03:44  pull:  From https://github.com/fortuneolose/EE499-FYP  * branch            main       -> FETCH_HEAD error: Your local changes to the following files would be overwritten by merge: 	KiCAD PCB Design/LTC1871_Boost_FYP_KiCad/LTC1871_Based_Boost_Controller/LTC1871_Based_Boost_Controller.kicad_pro Please commit your changes or stash them before you merge. error: The following untracked working tree files would be overwritten by merge: 	KiCAD PCB Design/LTC1871_Boost_FYP_KiCad/LTC1871_Based_Boost_Controller/~LTC1871_Based_Boost_Controller.kicad_sch.lck Please move or remove them before you merge. Updating f673001..7125335 Aborting
2026-04-11 22:03:44  Sync complete. Next sync in 15m.
2026-04-11 22:18:44  Network available after 0s.
2026-04-11 22:18:45  fetch: 
2026-04-11 22:18:45  pull:  From https://github.com/fortuneolose/EE499-FYP  * branch            main       -> FETCH_HEAD error: Your local changes to the following files would be overwritten by merge: 	KiCAD PCB Design/LTC1871_Boost_FYP_KiCad/LTC1871_Based_Boost_Controller/LTC1871_Based_Boost_Controller.kicad_pro Please commit your changes or stash them before you merge. error: The following untracked working tree files would be overwritten by merge: 	KiCAD PCB Design/LTC1871_Boost_FYP_KiCad/LTC1871_Based_Boost_Controller/~LTC1871_Based_Boost_Controller.kicad_sch.lck Please move or remove them before you merge. Updating f673001..7125335 Aborting
2026-04-11 22:18:45  Sync complete. Next sync in 15m.
2026-04-11 22:33:46  Network available after 0s.
2026-04-11 22:33:46  fetch: 
2026-04-11 22:33:47  pull:  From https://github.com/fortuneolose/EE499-FYP  * branch            main       -> FETCH_HEAD error: Your local changes to the following files would be overwritten by merge: 	KiCAD PCB Design/LTC1871_Boost_FYP_KiCad/LTC1871_Based_Boost_Controller/LTC1871_Based_Boost_Controller.kicad_pro Please commit your changes or stash them before you merge. error: The following untracked working tree files would be overwritten by merge: 	KiCAD PCB Design/LTC1871_Boost_FYP_KiCad/LTC1871_Based_Boost_Controller/~LTC1871_Based_Boost_Controller.kicad_sch.lck Please move or remove them before you merge. Updating f673001..7125335 Aborting
2026-04-11 22:33:47  Sync complete. Next sync in 15m.
2026-04-11 22:48:47  Network available after 0s.
2026-04-11 22:48:48  fetch: 
2026-04-11 22:48:49  pull:  From https://github.com/fortuneolose/EE499-FYP  * branch            main       -> FETCH_HEAD error: Your local changes to the following files would be overwritten by merge: 	KiCAD PCB Design/LTC1871_Boost_FYP_KiCad/LTC1871_Based_Boost_Controller/LTC1871_Based_Boost_Controller.kicad_pro Please commit your changes or stash them before you merge. error: The following untracked working tree files would be overwritten by merge: 	KiCAD PCB Design/LTC1871_Boost_FYP_KiCad/LTC1871_Based_Boost_Controller/~LTC1871_Based_Boost_Controller.kicad_sch.lck Please move or remove them before you merge. Updating f673001..7125335 Aborting
2026-04-11 22:48:49  Sync complete. Next sync in 15m.
2026-04-11 23:03:49  Network available after 0s.
2026-04-11 23:03:50  fetch: 
2026-04-11 23:03:51  pull:  From https://github.com/fortuneolose/EE499-FYP  * branch            main       -> FETCH_HEAD Already up to date.
2026-04-11 23:03:51  Sync complete. Next sync in 15m.
2026-04-11 23:18:51  Network available after 0s.
2026-04-11 23:18:51  fetch: 
2026-04-11 23:18:52  pull:  From https://github.com/fortuneolose/EE499-FYP  * branch            main       -> FETCH_HEAD Already up to date.
2026-04-11 23:18:52  Sync complete. Next sync in 15m.
2026-04-11 23:33:52  Network available after 0s.
2026-04-11 23:33:53  fetch: 
2026-04-11 23:33:54  pull:  From https://github.com/fortuneolose/EE499-FYP  * branch            main       -> FETCH_HEAD Already up to date.
2026-04-11 23:33:54  Sync complete. Next sync in 15m.
2026-04-11 23:48:54  Network available after 0s.
2026-04-11 23:48:54  fetch: 
2026-04-11 23:48:55  pull:  From https://github.com/fortuneolose/EE499-FYP  * branch            main       -> FETCH_HEAD Already up to date.
2026-04-11 23:48:55  Sync complete. Next sync in 15m.
2026-04-12 00:03:55  Network available after 0s.
2026-04-12 00:03:56  fetch: 
2026-04-12 00:03:57  pull:  From https://github.com/fortuneolose/EE499-FYP  * branch            main       -> FETCH_HEAD Already up to date.
2026-04-12 00:03:57  Sync complete. Next sync in 15m.
2026-04-12 00:19:05  Network available after 5s.
2026-04-12 00:19:06  fetch: 
2026-04-12 00:19:07  pull:  From https://github.com/fortuneolose/EE499-FYP  * branch            main       -> FETCH_HEAD Already up to date.
2026-04-12 00:19:07  Sync complete. Next sync in 15m.
2026-04-12 00:34:07  Network available after 0s.
2026-04-12 00:34:08  fetch: 
2026-04-12 00:34:09  pull:  From https://github.com/fortuneolose/EE499-FYP  * branch            main       -> FETCH_HEAD Already up to date.
2026-04-12 00:34:09  Sync complete. Next sync in 15m.
2026-04-12 00:49:09  Network available after 0s.
2026-04-12 00:49:09  fetch: 
2026-04-12 00:49:10  pull:  From https://github.com/fortuneolose/EE499-FYP  * branch            main       -> FETCH_HEAD Already up to date.
2026-04-12 00:49:10  Sync complete. Next sync in 15m.
2026-04-12 01:04:10  Network available after 0s.
2026-04-12 01:04:11  fetch: 
2026-04-12 01:04:12  pull:  From https://github.com/fortuneolose/EE499-FYP  * branch            main       -> FETCH_HEAD Already up to date.
2026-04-12 01:04:12  Sync complete. Next sync in 15m.
2026-04-12 01:19:12  Network available after 0s.
2026-04-12 01:19:14  fetch: 
2026-04-12 01:19:14  pull:  From https://github.com/fortuneolose/EE499-FYP  * branch            main       -> FETCH_HEAD Already up to date.
2026-04-12 01:19:14  Sync complete. Next sync in 15m.
2026-04-12 01:34:15  Network available after 0s.
2026-04-12 01:34:16  fetch: 
2026-04-12 01:34:16  pull:  From https://github.com/fortuneolose/EE499-FYP  * branch            main       -> FETCH_HEAD Already up to date.
2026-04-12 01:34:16  Sync complete. Next sync in 15m.
2026-04-12 01:49:17  Network available after 0s.
2026-04-12 01:49:17  fetch: 
2026-04-12 01:49:18  pull:  From https://github.com/fortuneolose/EE499-FYP  * branch            main       -> FETCH_HEAD Already up to date.
2026-04-12 01:49:18  Sync complete. Next sync in 15m.
2026-04-12 02:04:18  Network available after 0s.
2026-04-12 02:04:19  fetch: 
2026-04-12 02:04:20  pull:  From https://github.com/fortuneolose/EE499-FYP  * branch            main       -> FETCH_HEAD Already up to date.
2026-04-12 02:04:20  Sync complete. Next sync in 15m.
2026-04-12 02:19:20  Network available after 0s.
2026-04-12 02:19:20  fetch: 
2026-04-12 02:19:21  pull:  From https://github.com/fortuneolose/EE499-FYP  * branch            main       -> FETCH_HEAD Already up to date.
2026-04-12 02:19:21  Sync complete. Next sync in 15m.
2026-04-12 02:34:21  Network available after 0s.
2026-04-12 02:34:22  fetch: 
2026-04-12 02:34:23  pull:  From https://github.com/fortuneolose/EE499-FYP  * branch            main       -> FETCH_HEAD Already up to date.
2026-04-12 02:34:23  Sync complete. Next sync in 15m.
2026-04-12 02:49:23  Network available after 0s.
2026-04-12 02:49:23  fetch: 
2026-04-12 02:49:24  pull:  From https://github.com/fortuneolose/EE499-FYP  * branch            main       -> FETCH_HEAD Already up to date.
2026-04-12 02:49:24  Sync complete. Next sync in 15m.
2026-04-12 03:04:24  Network available after 0s.
2026-04-12 03:04:25  fetch: 
2026-04-12 03:04:26  pull:  From https://github.com/fortuneolose/EE499-FYP  * branch            main       -> FETCH_HEAD Already up to date.
2026-04-12 03:04:26  Sync complete. Next sync in 15m.
2026-04-12 03:19:26  Network available after 0s.
2026-04-12 03:19:26  fetch: 
2026-04-12 03:19:27  pull:  From https://github.com/fortuneolose/EE499-FYP  * branch            main       -> FETCH_HEAD Already up to date.
2026-04-12 03:19:27  Sync complete. Next sync in 15m.
2026-04-12 03:34:27  Network available after 0s.
2026-04-12 03:34:28  fetch: 
2026-04-12 03:34:29  pull:  From https://github.com/fortuneolose/EE499-FYP  * branch            main       -> FETCH_HEAD Already up to date.
2026-04-12 03:34:29  Sync complete. Next sync in 15m.
2026-04-12 03:49:29  Network available after 0s.
2026-04-12 03:49:29  fetch: 
2026-04-12 03:49:30  pull:  From https://github.com/fortuneolose/EE499-FYP  * branch            main       -> FETCH_HEAD Already up to date.
2026-04-12 03:49:30  Sync complete. Next sync in 15m.
2026-04-12 04:04:30  Network available after 0s.
2026-04-12 04:04:31  fetch: 
2026-04-12 04:04:32  pull:  From https://github.com/fortuneolose/EE499-FYP  * branch            main       -> FETCH_HEAD Already up to date.
2026-04-12 04:04:32  Sync complete. Next sync in 15m.
2026-04-12 04:19:32  Network available after 0s.
2026-04-12 04:19:33  fetch: 
2026-04-12 04:19:33  pull:  From https://github.com/fortuneolose/EE499-FYP  * branch            main       -> FETCH_HEAD Already up to date.
2026-04-12 04:19:33  Sync complete. Next sync in 15m.
2026-04-12 04:34:33  Network available after 0s.
2026-04-12 04:34:34  fetch: 
2026-04-12 04:34:35  pull:  From https://github.com/fortuneolose/EE499-FYP  * branch            main       -> FETCH_HEAD Already up to date.
2026-04-12 04:34:35  Sync complete. Next sync in 15m.
2026-04-12 04:49:35  Network available after 0s.
2026-04-12 04:49:36  fetch: 
2026-04-12 04:49:36  pull:  From https://github.com/fortuneolose/EE499-FYP  * branch            main       -> FETCH_HEAD Already up to date.
2026-04-12 04:49:36  Sync complete. Next sync in 15m.
2026-04-12 05:04:37  Network available after 0s.
2026-04-12 05:04:37  fetch: 
2026-04-12 05:04:38  pull:  From https://github.com/fortuneolose/EE499-FYP  * branch            main       -> FETCH_HEAD Already up to date.
2026-04-12 05:04:38  Sync complete. Next sync in 15m.
2026-04-12 05:19:38  Network available after 0s.
2026-04-12 05:19:39  fetch: 
2026-04-12 05:19:39  pull:  From https://github.com/fortuneolose/EE499-FYP  * branch            main       -> FETCH_HEAD Already up to date.
2026-04-12 05:19:39  Sync complete. Next sync in 15m.
2026-04-12 05:34:40  Network available after 0s.
2026-04-12 05:34:40  fetch: 
2026-04-12 05:34:41  pull:  From https://github.com/fortuneolose/EE499-FYP  * branch            main       -> FETCH_HEAD Already up to date.
2026-04-12 05:34:41  Sync complete. Next sync in 15m.
2026-04-12 05:49:41  Network available after 0s.
2026-04-12 05:49:42  fetch: 
2026-04-12 05:49:43  pull:  From https://github.com/fortuneolose/EE499-FYP  * branch            main       -> FETCH_HEAD Already up to date.
2026-04-12 05:49:43  Sync complete. Next sync in 15m.
2026-04-12 06:04:43  Network available after 0s.
2026-04-12 06:04:43  fetch: 
2026-04-12 06:04:44  pull:  From https://github.com/fortuneolose/EE499-FYP  * branch            main       -> FETCH_HEAD Already up to date.
2026-04-12 06:04:44  Sync complete. Next sync in 15m.
2026-04-12 06:19:44  Network available after 0s.
2026-04-12 06:19:45  fetch: 
2026-04-12 06:19:45  pull:  From https://github.com/fortuneolose/EE499-FYP  * branch            main       -> FETCH_HEAD Already up to date.
2026-04-12 06:19:45  Sync complete. Next sync in 15m.
2026-04-12 06:34:45  Network available after 0s.
2026-04-12 06:34:46  fetch: 
2026-04-12 06:34:47  pull:  From https://github.com/fortuneolose/EE499-FYP  * branch            main       -> FETCH_HEAD Already up to date.
2026-04-12 06:34:47  Sync complete. Next sync in 15m.
2026-04-12 06:49:47  Network available after 0s.
2026-04-12 06:49:47  fetch: 
2026-04-12 06:49:48  pull:  From https://github.com/fortuneolose/EE499-FYP  * branch            main       -> FETCH_HEAD Already up to date.
2026-04-12 06:49:48  Sync complete. Next sync in 15m.
2026-04-12 07:04:48  Network available after 0s.
2026-04-12 07:04:49  fetch: 
2026-04-12 07:04:50  pull:  From https://github.com/fortuneolose/EE499-FYP  * branch            main       -> FETCH_HEAD Already up to date.
2026-04-12 07:04:50  Sync complete. Next sync in 15m.
2026-04-12 07:19:50  Network available after 0s.
2026-04-12 07:19:50  fetch: 
2026-04-12 07:19:51  pull:  From https://github.com/fortuneolose/EE499-FYP  * branch            main       -> FETCH_HEAD Already up to date.
2026-04-12 07:19:51  Sync complete. Next sync in 15m.
2026-04-12 07:34:51  Network available after 0s.
2026-04-12 07:34:52  fetch: 
2026-04-12 07:34:54  pull:  From https://github.com/fortuneolose/EE499-FYP  * branch            main       -> FETCH_HEAD Already up to date.
2026-04-12 07:34:54  Sync complete. Next sync in 15m.
2026-04-12 07:49:54  Network available after 0s.
2026-04-12 07:49:56  fetch: 
2026-04-12 07:49:57  pull:  From https://github.com/fortuneolose/EE499-FYP  * branch            main       -> FETCH_HEAD Already up to date.
2026-04-12 07:49:57  Sync complete. Next sync in 15m.
2026-04-12 08:04:57  Network available after 0s.
2026-04-12 08:04:59  fetch: 
2026-04-12 08:05:00  pull:  From https://github.com/fortuneolose/EE499-FYP  * branch            main       -> FETCH_HEAD Already up to date.
2026-04-12 08:05:00  Sync complete. Next sync in 15m.
2026-04-12 08:20:00  Network available after 0s.
2026-04-12 08:20:05  fetch: 
2026-04-12 08:20:09  pull:  From https://github.com/fortuneolose/EE499-FYP  * branch            main       -> FETCH_HEAD Already up to date.
2026-04-12 08:20:09  Sync complete. Next sync in 15m.
2026-04-12 08:35:09  Network available after 0s.
2026-04-12 08:35:10  fetch: 
2026-04-12 08:35:12  pull:  From https://github.com/fortuneolose/EE499-FYP  * branch            main       -> FETCH_HEAD Already up to date.
2026-04-12 08:35:12  Sync complete. Next sync in 15m.
2026-04-12 08:50:12  Network available after 0s.
2026-04-12 08:50:13  fetch: 
2026-04-12 08:50:15  pull:  From https://github.com/fortuneolose/EE499-FYP  * branch            main       -> FETCH_HEAD Already up to date.
2026-04-12 08:50:15  Sync complete. Next sync in 15m.
2026-04-12 09:05:15  Network available after 0s.
2026-04-12 09:05:16  fetch: 
2026-04-12 09:05:17  pull:  From https://github.com/fortuneolose/EE499-FYP  * branch            main       -> FETCH_HEAD Already up to date.
2026-04-12 09:05:17  Sync complete. Next sync in 15m.
2026-04-12 09:20:17  Network available after 0s.
2026-04-12 09:20:19  fetch: 
2026-04-12 09:20:21  pull:  From https://github.com/fortuneolose/EE499-FYP  * branch            main       -> FETCH_HEAD Already up to date.
2026-04-12 09:20:21  Sync complete. Next sync in 15m.
2026-04-12 09:35:22  Network available after 0s.
2026-04-12 09:35:23  fetch: 
2026-04-12 09:35:25  pull:  From https://github.com/fortuneolose/EE499-FYP  * branch            main       -> FETCH_HEAD Already up to date.
2026-04-12 09:35:25  Sync complete. Next sync in 15m.
2026-04-12 09:50:26  Network available after 0s.
2026-04-12 09:50:28  fetch: 
2026-04-12 09:50:31  pull:  From https://github.com/fortuneolose/EE499-FYP  * branch            main       -> FETCH_HEAD Already up to date.
2026-04-12 09:50:31  Sync complete. Next sync in 15m.
2026-04-12 10:05:31  Network available after 0s.
2026-04-12 10:05:34  fetch: 
2026-04-12 10:05:36  pull:  From https://github.com/fortuneolose/EE499-FYP  * branch            main       -> FETCH_HEAD Already up to date.
2026-04-12 10:05:36  Sync complete. Next sync in 15m.
2026-04-12 10:20:36  Network available after 0s.
2026-04-12 10:20:38  fetch: 
2026-04-12 10:20:40  pull:  From https://github.com/fortuneolose/EE499-FYP  * branch            main       -> FETCH_HEAD Already up to date.
2026-04-12 10:20:40  Sync complete. Next sync in 15m.
2026-04-12 10:35:40  Network available after 0s.
2026-04-12 10:35:41  fetch: 
2026-04-12 10:35:43  pull:  From https://github.com/fortuneolose/EE499-FYP  * branch            main       -> FETCH_HEAD Already up to date.
2026-04-12 10:35:43  Sync complete. Next sync in 15m.
2026-04-12 10:50:43  Network available after 0s.
2026-04-12 10:50:45  fetch: 
2026-04-12 10:50:46  pull:  From https://github.com/fortuneolose/EE499-FYP  * branch            main       -> FETCH_HEAD Already up to date.
2026-04-12 10:50:46  Sync complete. Next sync in 15m.
2026-04-12 11:05:47  Network available after 0s.
2026-04-12 11:05:50  fetch: 
2026-04-12 11:05:54  pull:  From https://github.com/fortuneolose/EE499-FYP  * branch            main       -> FETCH_HEAD Already up to date.
2026-04-12 11:05:54  Sync complete. Next sync in 15m.
2026-04-12 11:20:54  Network available after 0s.
2026-04-12 11:20:55  fetch: 
2026-04-12 11:20:56  pull:  From https://github.com/fortuneolose/EE499-FYP  * branch            main       -> FETCH_HEAD Already up to date.
2026-04-12 11:20:56  Sync complete. Next sync in 15m.
2026-04-12 11:35:56  Network available after 0s.
2026-04-12 11:35:57  fetch: 
2026-04-12 11:35:58  pull:  From https://github.com/fortuneolose/EE499-FYP  * branch            main       -> FETCH_HEAD Already up to date.
2026-04-12 11:35:58  Sync complete. Next sync in 15m.
2026-04-12 11:50:58  Network available after 0s.
2026-04-12 11:50:59  fetch: 
2026-04-12 11:50:59  pull:  From https://github.com/fortuneolose/EE499-FYP  * branch            main       -> FETCH_HEAD Already up to date.
2026-04-12 11:50:59  Sync complete. Next sync in 15m.
2026-04-12 12:05:59  Network available after 0s.
2026-04-12 12:06:01  fetch: 
2026-04-12 12:06:03  pull:  From https://github.com/fortuneolose/EE499-FYP  * branch            main       -> FETCH_HEAD Already up to date.
2026-04-12 12:06:03  Sync complete. Next sync in 15m.
2026-04-12 12:21:03  Network available after 0s.
2026-04-12 12:21:04  fetch: 
2026-04-12 12:21:05  pull:  From https://github.com/fortuneolose/EE499-FYP  * branch            main       -> FETCH_HEAD Already up to date.
2026-04-12 12:21:05  Sync complete. Next sync in 15m.
2026-04-12 12:36:05  Network available after 0s.
2026-04-12 12:36:05  fetch: 
2026-04-12 12:36:06  pull:  From https://github.com/fortuneolose/EE499-FYP  * branch            main       -> FETCH_HEAD Already up to date.
2026-04-12 12:36:06  Sync complete. Next sync in 15m.
2026-04-12 12:51:06  Network available after 0s.
2026-04-12 12:51:07  fetch: 
2026-04-12 12:51:08  pull:  From https://github.com/fortuneolose/EE499-FYP  * branch            main       -> FETCH_HEAD Already up to date.
2026-04-12 12:51:08  Sync complete. Next sync in 15m.
2026-04-12 13:06:08  Network available after 0s.
2026-04-12 13:06:09  fetch: 
2026-04-12 13:06:09  pull:  From https://github.com/fortuneolose/EE499-FYP  * branch            main       -> FETCH_HEAD Already up to date.
2026-04-12 13:06:09  Sync complete. Next sync in 15m.
2026-04-12 13:21:10  Network available after 0s.
2026-04-12 13:21:10  fetch: 
2026-04-12 13:21:11  pull:  From https://github.com/fortuneolose/EE499-FYP  * branch            main       -> FETCH_HEAD Already up to date.
2026-04-12 13:21:11  Sync complete. Next sync in 15m.
2026-04-12 13:36:11  Network available after 0s.
2026-04-12 13:36:13  fetch: 
2026-04-12 13:36:14  pull:  From https://github.com/fortuneolose/EE499-FYP  * branch            main       -> FETCH_HEAD Already up to date.
2026-04-12 13:36:14  Sync complete. Next sync in 15m.
2026-04-12 13:51:14  Network available after 0s.
2026-04-12 13:51:16  fetch: 
2026-04-12 13:51:18  pull:  From https://github.com/fortuneolose/EE499-FYP  * branch            main       -> FETCH_HEAD Already up to date.
2026-04-12 13:51:18  Sync complete. Next sync in 15m.
2026-04-12 14:06:18  Network available after 0s.
2026-04-12 14:06:19  fetch: 
2026-04-12 14:06:21  pull:  From https://github.com/fortuneolose/EE499-FYP  * branch            main       -> FETCH_HEAD Already up to date.
2026-04-12 14:06:21  Sync complete. Next sync in 15m.
2026-04-12 14:21:21  Network available after 0s.
2026-04-12 14:21:21  fetch: 
2026-04-12 14:21:22  pull:  From https://github.com/fortuneolose/EE499-FYP  * branch            main       -> FETCH_HEAD Already up to date.
2026-04-12 14:21:22  Sync complete. Next sync in 15m.
2026-04-12 14:36:22  Network available after 0s.
2026-04-12 14:36:23  fetch: 
2026-04-12 14:36:24  pull:  From https://github.com/fortuneolose/EE499-FYP  * branch            main       -> FETCH_HEAD Already up to date.
2026-04-12 14:36:24  Sync complete. Next sync in 15m.
2026-04-12 14:51:24  Network available after 0s.
2026-04-12 14:51:25  fetch: 
2026-04-12 14:51:25  pull:  From https://github.com/fortuneolose/EE499-FYP  * branch            main       -> FETCH_HEAD Already up to date.
2026-04-12 14:51:25  Sync complete. Next sync in 15m.
2026-04-12 15:06:25  Network available after 0s.
2026-04-12 15:06:26  fetch: 
2026-04-12 15:06:27  pull:  From https://github.com/fortuneolose/EE499-FYP  * branch            main       -> FETCH_HEAD Already up to date.
2026-04-12 15:06:27  Sync complete. Next sync in 15m.
2026-04-12 15:21:27  Network available after 0s.
2026-04-12 15:21:29  fetch: 
2026-04-12 15:21:30  pull:  From https://github.com/fortuneolose/EE499-FYP  * branch            main       -> FETCH_HEAD Already up to date.
2026-04-12 15:21:30  Sync complete. Next sync in 15m.
2026-04-12 15:36:31  Network available after 0s.
2026-04-12 15:36:31  fetch: 
2026-04-12 15:36:32  pull:  From https://github.com/fortuneolose/EE499-FYP  * branch            main       -> FETCH_HEAD Already up to date.
2026-04-12 15:36:32  Sync complete. Next sync in 15m.
2026-04-12 15:51:32  Network available after 0s.
2026-04-12 15:51:33  fetch: 
2026-04-12 15:51:34  pull:  From https://github.com/fortuneolose/EE499-FYP  * branch            main       -> FETCH_HEAD Already up to date.
2026-04-12 15:51:34  Sync complete. Next sync in 15m.
2026-04-12 16:06:34  Network available after 0s.
2026-04-12 16:06:34  fetch: 
2026-04-12 16:06:35  pull:  From https://github.com/fortuneolose/EE499-FYP  * branch            main       -> FETCH_HEAD Already up to date.
2026-04-12 16:06:35  Sync complete. Next sync in 15m.
2026-04-12 16:21:35  Network available after 0s.
2026-04-12 16:21:36  fetch: 
2026-04-12 16:21:37  pull:  From https://github.com/fortuneolose/EE499-FYP  * branch            main       -> FETCH_HEAD Already up to date.
2026-04-12 16:21:37  Sync complete. Next sync in 15m.
2026-04-12 16:36:37  Network available after 0s.
2026-04-12 16:36:40  fetch: 
2026-04-12 16:36:42  pull:  From https://github.com/fortuneolose/EE499-FYP  * branch            main       -> FETCH_HEAD Already up to date.
2026-04-12 16:36:42  Sync complete. Next sync in 15m.
2026-04-12 16:51:42  Network available after 0s.
2026-04-12 16:51:43  fetch: 
2026-04-12 16:51:43  pull:  From https://github.com/fortuneolose/EE499-FYP  * branch            main       -> FETCH_HEAD Already up to date.
2026-04-12 16:51:43  Sync complete. Next sync in 15m.
2026-04-12 17:06:43  Network available after 0s.
2026-04-12 17:06:44  fetch: 
2026-04-12 17:06:45  pull:  From https://github.com/fortuneolose/EE499-FYP  * branch            main       -> FETCH_HEAD Already up to date.
2026-04-12 17:06:45  Sync complete. Next sync in 15m.
2026-04-12 17:21:45  Network available after 0s.
2026-04-12 17:21:46  fetch: 
2026-04-12 17:21:47  pull:  From https://github.com/fortuneolose/EE499-FYP  * branch            main       -> FETCH_HEAD Already up to date.
2026-04-12 17:21:47  Sync complete. Next sync in 15m.
2026-04-12 17:36:47  Network available after 0s.
2026-04-12 17:36:47  fetch: 
2026-04-12 17:36:48  pull:  From https://github.com/fortuneolose/EE499-FYP  * branch            main       -> FETCH_HEAD Already up to date.
2026-04-12 17:36:48  Sync complete. Next sync in 15m.
2026-04-12 17:51:48  Network available after 0s.
2026-04-12 17:51:49  fetch: 
2026-04-12 17:51:50  pull:  From https://github.com/fortuneolose/EE499-FYP  * branch            main       -> FETCH_HEAD Already up to date.
2026-04-12 17:51:50  Sync complete. Next sync in 15m.
2026-04-12 18:06:50  Network available after 0s.
2026-04-12 18:06:50  fetch: 
2026-04-12 18:06:51  pull:  From https://github.com/fortuneolose/EE499-FYP  * branch            main       -> FETCH_HEAD Already up to date.
2026-04-12 18:06:51  Sync complete. Next sync in 15m.
2026-04-12 18:21:51  Network available after 0s.
2026-04-12 18:21:52  fetch: 
2026-04-12 18:21:53  pull:  From https://github.com/fortuneolose/EE499-FYP  * branch            main       -> FETCH_HEAD Already up to date.
2026-04-12 18:21:53  Sync complete. Next sync in 15m.
2026-04-12 18:36:53  Network available after 0s.
2026-04-12 18:36:53  fetch: 
2026-04-12 18:36:54  pull:  From https://github.com/fortuneolose/EE499-FYP  * branch            main       -> FETCH_HEAD Already up to date.
2026-04-12 18:36:54  Sync complete. Next sync in 15m.
2026-04-12 18:51:54  Network available after 0s.
2026-04-12 18:51:55  fetch: 
2026-04-12 18:51:56  pull:  From https://github.com/fortuneolose/EE499-FYP  * branch            main       -> FETCH_HEAD Already up to date.
2026-04-12 18:51:56  Sync complete. Next sync in 15m.
2026-04-12 19:06:56  Network available after 0s.
2026-04-12 19:06:57  fetch: 
2026-04-12 19:06:58  pull:  From https://github.com/fortuneolose/EE499-FYP  * branch            main       -> FETCH_HEAD Already up to date.
2026-04-12 19:06:58  Sync complete. Next sync in 15m.
2026-04-12 19:21:58  Network available after 0s.
2026-04-12 19:21:59  fetch: 
2026-04-12 19:21:59  pull:  From https://github.com/fortuneolose/EE499-FYP  * branch            main       -> FETCH_HEAD Already up to date.
2026-04-12 19:21:59  Sync complete. Next sync in 15m.
2026-04-12 19:36:59  Network available after 0s.
2026-04-12 19:37:00  fetch: 
2026-04-12 19:37:01  pull:  From https://github.com/fortuneolose/EE499-FYP  * branch            main       -> FETCH_HEAD Already up to date.
2026-04-12 19:37:01  Sync complete. Next sync in 15m.
2026-04-12 19:52:01  Network available after 0s.
2026-04-12 19:52:02  fetch: 
2026-04-12 19:52:02  pull:  From https://github.com/fortuneolose/EE499-FYP  * branch            main       -> FETCH_HEAD Already up to date.
2026-04-12 19:52:02  Sync complete. Next sync in 15m.
2026-04-12 20:07:02  Network available after 0s.
2026-04-12 20:07:03  fetch: 
2026-04-12 20:07:04  pull:  From https://github.com/fortuneolose/EE499-FYP  * branch            main       -> FETCH_HEAD Already up to date.
2026-04-12 20:07:04  Sync complete. Next sync in 15m.
2026-04-12 20:22:04  Network available after 0s.
2026-04-12 20:22:05  fetch: 
2026-04-12 20:22:05  pull:  From https://github.com/fortuneolose/EE499-FYP  * branch            main       -> FETCH_HEAD Already up to date.
2026-04-12 20:22:05  Sync complete. Next sync in 15m.
2026-04-12 20:37:04  Network available after 0s.
2026-04-12 20:37:05  fetch: 
2026-04-12 20:37:06  pull:  From https://github.com/fortuneolose/EE499-FYP  * branch            main       -> FETCH_HEAD Already up to date.
2026-04-12 20:37:06  Sync complete. Next sync in 15m.
2026-04-12 20:52:06  Network available after 0s.
2026-04-12 20:52:06  fetch: 
2026-04-12 20:52:07  pull:  From https://github.com/fortuneolose/EE499-FYP  * branch            main       -> FETCH_HEAD Already up to date.
2026-04-12 20:52:07  Sync complete. Next sync in 15m.
2026-04-12 21:07:07  Network available after 0s.
2026-04-12 21:07:08  fetch: 
2026-04-12 21:07:09  pull:  From https://github.com/fortuneolose/EE499-FYP  * branch            main       -> FETCH_HEAD Already up to date.
2026-04-12 21:07:09  Sync complete. Next sync in 15m.
2026-04-12 21:22:09  Network available after 0s.
2026-04-12 21:22:10  fetch: 
2026-04-12 21:22:11  pull:  From https://github.com/fortuneolose/EE499-FYP  * branch            main       -> FETCH_HEAD Already up to date.
2026-04-12 21:22:11  Sync complete. Next sync in 15m.
2026-04-12 21:37:11  Network available after 0s.
2026-04-12 21:37:12  fetch: 
2026-04-12 21:37:12  pull:  From https://github.com/fortuneolose/EE499-FYP  * branch            main       -> FETCH_HEAD Already up to date.
2026-04-12 21:37:12  Sync complete. Next sync in 15m.
2026-04-12 21:52:12  Network available after 0s.
2026-04-12 21:52:13  fetch: 
2026-04-12 21:52:14  pull:  From https://github.com/fortuneolose/EE499-FYP  * branch            main       -> FETCH_HEAD Already up to date.
2026-04-12 21:52:14  Sync complete. Next sync in 15m.
2026-04-12 22:07:14  Network available after 0s.
2026-04-12 22:07:15  fetch: 
2026-04-12 22:07:15  pull:  From https://github.com/fortuneolose/EE499-FYP  * branch            main       -> FETCH_HEAD Already up to date.
2026-04-12 22:07:15  Sync complete. Next sync in 15m.
2026-04-12 22:22:16  Network available after 0s.
2026-04-12 22:22:16  fetch: 
2026-04-12 22:22:17  pull:  From https://github.com/fortuneolose/EE499-FYP  * branch            main       -> FETCH_HEAD Already up to date.
2026-04-12 22:22:17  Sync complete. Next sync in 15m.
2026-04-12 22:37:17  Network available after 0s.
2026-04-12 22:37:18  fetch: 
2026-04-12 22:37:19  pull:  From https://github.com/fortuneolose/EE499-FYP  * branch            main       -> FETCH_HEAD Already up to date.
2026-04-12 22:37:19  Sync complete. Next sync in 15m.
2026-04-12 22:52:19  Network available after 0s.
2026-04-12 22:52:20  fetch: 
2026-04-12 22:52:20  pull:  From https://github.com/fortuneolose/EE499-FYP  * branch            main       -> FETCH_HEAD Already up to date.
2026-04-12 22:52:20  Sync complete. Next sync in 15m.
2026-04-12 23:07:20  Network available after 0s.
2026-04-12 23:07:21  fetch: 
2026-04-12 23:07:22  pull:  From https://github.com/fortuneolose/EE499-FYP  * branch            main       -> FETCH_HEAD Already up to date.
2026-04-12 23:07:22  Sync complete. Next sync in 15m.
2026-04-12 23:22:22  Network available after 0s.
2026-04-12 23:22:23  fetch: 
2026-04-12 23:22:24  pull:  From https://github.com/fortuneolose/EE499-FYP  * branch            main       -> FETCH_HEAD Already up to date.
2026-04-12 23:22:24  Sync complete. Next sync in 15m.
2026-04-12 23:37:24  Network available after 0s.
2026-04-12 23:37:25  fetch: 
2026-04-12 23:37:26  pull:  From https://github.com/fortuneolose/EE499-FYP  * branch            main       -> FETCH_HEAD Already up to date.
2026-04-12 23:37:26  Sync complete. Next sync in 15m.
2026-04-12 23:52:26  Network available after 0s.
2026-04-12 23:52:27  fetch: 
2026-04-12 23:52:27  pull:  From https://github.com/fortuneolose/EE499-FYP  * branch            main       -> FETCH_HEAD Already up to date.
2026-04-12 23:52:27  Sync complete. Next sync in 15m.
2026-04-13 00:07:27  Network available after 0s.
2026-04-13 00:07:28  fetch: 
2026-04-13 00:07:29  pull:  From https://github.com/fortuneolose/EE499-FYP  * branch            main       -> FETCH_HEAD Already up to date.
2026-04-13 00:07:29  Sync complete. Next sync in 15m.
2026-04-13 00:22:29  Network available after 0s.
2026-04-13 00:22:30  fetch: 
2026-04-13 00:22:31  pull:  From https://github.com/fortuneolose/EE499-FYP  * branch            main       -> FETCH_HEAD Already up to date.
2026-04-13 00:22:31  Sync complete. Next sync in 15m.
2026-04-13 00:37:31  Network available after 0s.
2026-04-13 00:37:32  fetch: 
2026-04-13 00:37:32  pull:  From https://github.com/fortuneolose/EE499-FYP  * branch            main       -> FETCH_HEAD Already up to date.
2026-04-13 00:37:32  Sync complete. Next sync in 15m.
2026-04-13 00:52:32  Network available after 0s.
2026-04-13 00:52:33  fetch: 
2026-04-13 00:52:34  pull:  From https://github.com/fortuneolose/EE499-FYP  * branch            main       -> FETCH_HEAD Already up to date.
2026-04-13 00:52:34  Sync complete. Next sync in 15m.
2026-04-13 01:07:34  Network available after 0s.
2026-04-13 01:07:35  fetch: 
2026-04-13 01:07:35  pull:  From https://github.com/fortuneolose/EE499-FYP  * branch            main       -> FETCH_HEAD Already up to date.
2026-04-13 01:07:35  Sync complete. Next sync in 15m.
2026-04-13 01:22:36  Network available after 0s.
2026-04-13 01:22:36  fetch: 
2026-04-13 01:22:37  pull:  From https://github.com/fortuneolose/EE499-FYP  * branch            main       -> FETCH_HEAD Already up to date.
2026-04-13 01:22:37  Sync complete. Next sync in 15m.
2026-04-13 01:37:37  Network available after 0s.
2026-04-13 01:37:38  fetch: 
2026-04-13 01:37:39  pull:  From https://github.com/fortuneolose/EE499-FYP  * branch            main       -> FETCH_HEAD Already up to date.
2026-04-13 01:37:39  Sync complete. Next sync in 15m.
2026-04-13 01:52:39  Network available after 0s.
2026-04-13 01:52:39  fetch: 
2026-04-13 01:52:40  pull:  From https://github.com/fortuneolose/EE499-FYP  * branch            main       -> FETCH_HEAD Already up to date.
2026-04-13 01:52:40  Sync complete. Next sync in 15m.
2026-04-13 02:07:40  Network available after 0s.
2026-04-13 02:07:41  fetch: 
2026-04-13 02:07:42  pull:  From https://github.com/fortuneolose/EE499-FYP  * branch            main       -> FETCH_HEAD Already up to date.
2026-04-13 02:07:42  Sync complete. Next sync in 15m.
2026-04-13 02:22:42  Network available after 0s.
2026-04-13 02:22:43  fetch: 
2026-04-13 02:22:43  pull:  From https://github.com/fortuneolose/EE499-FYP  * branch            main       -> FETCH_HEAD Already up to date.
2026-04-13 02:22:43  Sync complete. Next sync in 15m.
2026-04-13 02:37:44  Network available after 0s.
2026-04-13 02:37:44  fetch: 
2026-04-13 02:37:45  pull:  From https://github.com/fortuneolose/EE499-FYP  * branch            main       -> FETCH_HEAD Already up to date.
2026-04-13 02:37:45  Sync complete. Next sync in 15m.
2026-04-13 02:52:45  Network available after 0s.
2026-04-13 02:52:46  fetch: 
2026-04-13 02:52:47  pull:  From https://github.com/fortuneolose/EE499-FYP  * branch            main       -> FETCH_HEAD Already up to date.
2026-04-13 02:52:47  Sync complete. Next sync in 15m.
2026-04-13 03:07:47  Network available after 0s.
2026-04-13 03:07:48  fetch: 
2026-04-13 03:07:49  pull:  From https://github.com/fortuneolose/EE499-FYP  * branch            main       -> FETCH_HEAD Already up to date.
2026-04-13 03:07:49  Sync complete. Next sync in 15m.
2026-04-13 03:22:49  Network available after 0s.
2026-04-13 03:22:49  fetch: 
2026-04-13 03:22:50  pull:  From https://github.com/fortuneolose/EE499-FYP  * branch            main       -> FETCH_HEAD Already up to date.
2026-04-13 03:22:50  Sync complete. Next sync in 15m.
2026-04-13 03:37:50  Network available after 0s.
2026-04-13 03:37:51  fetch: 
2026-04-13 03:37:52  pull:  From https://github.com/fortuneolose/EE499-FYP  * branch            main       -> FETCH_HEAD Already up to date.
2026-04-13 03:37:52  Sync complete. Next sync in 15m.
2026-04-13 03:52:52  Network available after 0s.
2026-04-13 03:52:53  fetch: 
2026-04-13 03:52:54  pull:  From https://github.com/fortuneolose/EE499-FYP  * branch            main       -> FETCH_HEAD Already up to date.
2026-04-13 03:52:54  Sync complete. Next sync in 15m.
2026-04-13 04:07:54  Network available after 0s.
2026-04-13 04:07:54  fetch: 
2026-04-13 04:07:55  pull:  From https://github.com/fortuneolose/EE499-FYP  * branch            main       -> FETCH_HEAD Already up to date.
2026-04-13 04:07:55  Sync complete. Next sync in 15m.
2026-04-13 04:22:55  Network available after 0s.
2026-04-13 04:22:56  fetch: 
2026-04-13 04:22:57  pull:  From https://github.com/fortuneolose/EE499-FYP  * branch            main       -> FETCH_HEAD Already up to date.
2026-04-13 04:22:57  Sync complete. Next sync in 15m.
2026-04-13 04:37:57  Network available after 0s.
2026-04-13 04:37:58  fetch: 
2026-04-13 04:37:58  pull:  From https://github.com/fortuneolose/EE499-FYP  * branch            main       -> FETCH_HEAD Already up to date.
2026-04-13 04:37:58  Sync complete. Next sync in 15m.
2026-04-13 04:52:58  Network available after 0s.
2026-04-13 04:52:59  fetch: 
2026-04-13 04:53:00  pull:  From https://github.com/fortuneolose/EE499-FYP  * branch            main       -> FETCH_HEAD Already up to date.
2026-04-13 04:53:00  Sync complete. Next sync in 15m.
2026-04-13 05:08:00  Network available after 0s.
2026-04-13 05:08:01  fetch: 
2026-04-13 05:08:01  pull:  From https://github.com/fortuneolose/EE499-FYP  * branch            main       -> FETCH_HEAD Already up to date.
2026-04-13 05:08:01  Sync complete. Next sync in 15m.
2026-04-13 05:23:01  Network available after 0s.
2026-04-13 05:23:02  fetch: 
2026-04-13 05:23:03  pull:  From https://github.com/fortuneolose/EE499-FYP  * branch            main       -> FETCH_HEAD Already up to date.
2026-04-13 05:23:03  Sync complete. Next sync in 15m.
2026-04-13 05:38:03  Network available after 0s.
2026-04-13 05:38:04  fetch: 
2026-04-13 05:38:05  pull:  From https://github.com/fortuneolose/EE499-FYP  * branch            main       -> FETCH_HEAD Already up to date.
2026-04-13 05:38:05  Sync complete. Next sync in 15m.
2026-04-13 05:53:05  Network available after 0s.
2026-04-13 05:53:06  fetch: 
2026-04-13 05:53:06  pull:  From https://github.com/fortuneolose/EE499-FYP  * branch            main       -> FETCH_HEAD Already up to date.
2026-04-13 05:53:06  Sync complete. Next sync in 15m.
2026-04-13 06:08:07  Network available after 0s.
2026-04-13 06:08:07  fetch: 
2026-04-13 06:08:08  pull:  From https://github.com/fortuneolose/EE499-FYP  * branch            main       -> FETCH_HEAD Already up to date.
2026-04-13 06:08:08  Sync complete. Next sync in 15m.
2026-04-13 06:23:08  Network available after 0s.
2026-04-13 06:23:09  fetch: 
2026-04-13 06:23:10  pull:  From https://github.com/fortuneolose/EE499-FYP  * branch            main       -> FETCH_HEAD Already up to date.
2026-04-13 06:23:10  Sync complete. Next sync in 15m.
2026-04-13 06:38:10  Network available after 0s.
2026-04-13 06:38:11  fetch: 
2026-04-13 06:38:12  pull:  From https://github.com/fortuneolose/EE499-FYP  * branch            main       -> FETCH_HEAD Already up to date.
2026-04-13 06:38:12  Sync complete. Next sync in 15m.
2026-04-13 06:53:12  Network available after 0s.
2026-04-13 06:53:13  fetch: 
2026-04-13 06:53:14  pull:  From https://github.com/fortuneolose/EE499-FYP  * branch            main       -> FETCH_HEAD Already up to date.
2026-04-13 06:53:14  Sync complete. Next sync in 15m.
